[2024-07-04 11:01:31] [INFO] Command executed: E:/GeoTransformer-1.0.0/experiments/geotransformer.modelnet.rpmnet.stage4.gse.k3.max.oacl.stage2.sinkhorn/trainval.py
[2024-07-04 11:01:31] [INFO] Configs:
{
    "seed": 7351,
    "working_dir": "E:\\GeoTransformer-1.0.0\\experiments\\geotransformer.modelnet.rpmnet.stage4.gse.k3.max.oacl.stage2.sinkhorn",
    "root_dir": "E:\\GeoTransformer-1.0.0",
    "exp_name": "geotransformer.modelnet.rpmnet.stage4.gse.k3.max.oacl.stage2.sinkhorn",
    "output_dir": "E:\\GeoTransformer-1.0.0\\output\\geotransformer.modelnet.rpmnet.stage4.gse.k3.max.oacl.stage2.sinkhorn",
    "snapshot_dir": "E:\\GeoTransformer-1.0.0\\output\\geotransformer.modelnet.rpmnet.stage4.gse.k3.max.oacl.stage2.sinkhorn\\snapshots",
    "log_dir": "E:\\GeoTransformer-1.0.0\\output\\geotransformer.modelnet.rpmnet.stage4.gse.k3.max.oacl.stage2.sinkhorn\\logs",
    "event_dir": "E:\\GeoTransformer-1.0.0\\output\\geotransformer.modelnet.rpmnet.stage4.gse.k3.max.oacl.stage2.sinkhorn\\events",
    "data": {
        "dataset_root": "E:\\GeoTransformer-1.0.0\\data\\ModelNet",
        "num_points": 717,
        "voxel_size": null,
        "rotation_magnitude": 180.0,
        "translation_magnitude": 0.5,
        "keep_ratio": 0.7,
        "crop_method": "plane",
        "asymmetric": true,
        "twice_sample": true,
        "twice_transform": false
    },
    "train": {
        "batch_size": 1,
        "num_workers": 8,
        "noise_magnitude": 0.05,
        "class_indices": "all"
    },
    "test": {
        "batch_size": 1,
        "num_workers": 8,
        "noise_magnitude": 0.05,
        "class_indices": "all"
    },
    "eval": {
        "acceptance_overlap": 0.0,
        "acceptance_radius": 0.1,
        "inlier_ratio_threshold": 0.05,
        "rre_threshold": 1.0,
        "rte_threshold": 0.1
    },
    "ransac": {
        "distance_threshold": 0.05,
        "num_points": 3,
        "num_iterations": 1000
    },
    "optim": {
        "lr": 0.0001,
        "weight_decay": 1e-06,
        "warmup_steps": 10000,
        "eta_init": 0.1,
        "eta_min": 0.1,
        "max_iteration": 400000,
        "snapshot_steps": 10000,
        "grad_acc_steps": 1
    },
    "backbone": {
        "num_stages": 3,
        "init_voxel_size": 0.05,
        "kernel_size": 15,
        "base_radius": 2.5,
        "base_sigma": 2.0,
        "init_radius": 0.125,
        "init_sigma": 0.1,
        "group_norm": 32,
        "input_dim": 1,
        "init_dim": 64,
        "output_dim": 256
    },
    "model": {
        "ground_truth_matching_radius": 0.05,
        "num_points_in_patch": 128,
        "num_sinkhorn_iterations": 100
    },
    "coarse_matching": {
        "num_targets": 128,
        "overlap_threshold": 0.1,
        "num_correspondences": 128,
        "dual_normalization": true
    },
    "geotransformer": {
        "input_dim": 512,
        "hidden_dim": 256,
        "output_dim": 256,
        "num_heads": 4,
        "blocks": [
            "self",
            "cross",
            "self",
            "cross",
            "self",
            "cross"
        ],
        "sigma_d": 0.2,
        "sigma_a": 15,
        "angle_k": 3,
        "reduction_a": "max"
    },
    "fine_matching": {
        "topk": 3,
        "acceptance_radius": 0.1,
        "mutual": true,
        "confidence_threshold": 0.05,
        "use_dustbin": false,
        "use_global_score": false,
        "correspondence_threshold": 3,
        "correspondence_limit": null,
        "num_refinement_steps": 5
    },
    "coarse_loss": {
        "positive_margin": 0.1,
        "negative_margin": 1.4,
        "positive_optimal": 0.1,
        "negative_optimal": 1.4,
        "log_scale": 24,
        "positive_overlap": 0.1
    },
    "fine_loss": {
        "positive_radius": 0.05
    },
    "loss": {
        "weight_coarse_loss": 1.0,
        "weight_fine_loss": 1.0
    }
}
[2024-07-04 11:01:31] [INFO] Tensorboard is enabled. Write events to E:\GeoTransformer-1.0.0\output\geotransformer.modelnet.rpmnet.stage4.gse.k3.max.oacl.stage2.sinkhorn\events.
[2024-07-04 11:01:31] [INFO] Using Single-GPU mode.
